<?xml version="1.0" encoding="UTF-8"?>
<!-- Generated by org.testng.reporters.JUnitReportReporter -->
<testsuite skipped="0" hostname="LAPTOP-JKRBLPFM" name="com.mmt.login.LoginFunctionalityTest" tests="4" failures="0" timestamp="14 Oct 2021 11:18:10 GMT" time="13.588" errors="0">
  <testcase name="loginTestWithCorrectCredential" time="5.606" classname="com.mmt.login.LoginFunctionalityTest"/>
  <testcase name="loginTestWithIncorrectCredtentials1" time="2.210" classname="com.mmt.login.LoginFunctionalityTest"/>
  <testcase name="testLogout" time="3.449" classname="com.mmt.login.LoginFunctionalityTest"/>
  <testcase name="LoginTestWithIncorrectCredtentials2" time="2.323" classname="com.mmt.login.LoginFunctionalityTest"/>
</testsuite> <!-- com.mmt.login.LoginFunctionalityTest -->
